<?xml version="1.0" encoding="UTF-8"?>
<!-- Generated by org.testng.reporters.JUnitXMLReporter -->
<testsuite ignored="3" hostname="LAPTOP-OPTCNUC2" failures="0" tests="1" name="Default test" time="5.347" errors="0" timestamp="09 Feb 2022 02:17:34 GMT">
  <testcase classname="tests.PaylocityUITest" name="verifyDeleteEmployee" time="0.315"/>
  <testcase classname="tests.PaylocityUITest" name="verifyAddEmployee" time="0.0">
    <ignored/>
  </testcase> <!-- verifyAddEmployee -->
  <testcase classname="tests.PaylocityUITest" name="deleteAnEmployee" time="0.0">
    <ignored/>
  </testcase> <!-- deleteAnEmployee -->
  <testcase classname="tests.PaylocityUITest" name="verifyUpdateEmployee" time="0.0">
    <ignored/>
  </testcase> <!-- verifyUpdateEmployee -->
</testsuite> <!-- Default test -->
