<?xml version="1.0" encoding="UTF-8"?>
<!-- Generated by org.testng.reporters.JUnitXMLReporter -->
<testsuite ignored="0" hostname="LAPTOP-OPTCNUC2" failures="0" tests="3" name="Regression Test" time="23.458" errors="0" timestamp="09 Feb 2022 02:21:31 GMT">
  <testcase classname="tests.PaylocityUITest" name="verifyAddEmployee" time="0.823"/>
  <testcase classname="tests.PaylocityUITest" name="verifyDeleteEmployee" time="1.218"/>
  <testcase classname="tests.PaylocityUITest" name="verifyUpdateEmployee" time="1.149"/>
</testsuite> <!-- Regression Test -->
