<?xml version="1.0" encoding="UTF-8"?>
<testng-results ignored="0" total="3" passed="3" failed="0" skipped="0">
  <reporter-output>
  </reporter-output>
  <suite started-at="2022-02-09T02:21:07Z" name="Automation Test Suite" finished-at="2022-02-09T02:21:31Z" duration-ms="23458">
    <groups>
    </groups>
    <test started-at="2022-02-09T02:21:07Z" name="Regression Test" finished-at="2022-02-09T02:21:31Z" duration-ms="23458">
      <class name="tests.PaylocityUITest">
        <test-method is-config="true" signature="setUp()[pri:0, instance:tests.PaylocityUITest@6e75aa0d]" started-at="2022-02-09T02:21:08Z" name="setUp" finished-at="2022-02-09T02:21:12Z" duration-ms="4955" status="PASS">
          <reporter-output>
          </reporter-output>
        </test-method> <!-- setUp -->
        <test-method signature="verifyAddEmployee()[pri:0, instance:tests.PaylocityUITest@6e75aa0d]" started-at="2022-02-09T02:21:12Z" name="verifyAddEmployee" finished-at="2022-02-09T02:21:13Z" duration-ms="823" status="PASS">
          <reporter-output>
          </reporter-output>
        </test-method> <!-- verifyAddEmployee -->
        <test-method is-config="true" signature="tearDown()[pri:0, instance:tests.PaylocityUITest@6e75aa0d]" started-at="2022-02-09T02:21:13Z" name="tearDown" finished-at="2022-02-09T02:21:15Z" duration-ms="1755" status="PASS">
          <reporter-output>
          </reporter-output>
        </test-method> <!-- tearDown -->
        <test-method is-config="true" signature="setUp()[pri:0, instance:tests.PaylocityUITest@6e75aa0d]" started-at="2022-02-09T02:21:15Z" name="setUp" finished-at="2022-02-09T02:21:21Z" duration-ms="6254" status="PASS">
          <reporter-output>
          </reporter-output>
        </test-method> <!-- setUp -->
        <test-method signature="verifyDeleteEmployee()[pri:0, instance:tests.PaylocityUITest@6e75aa0d]" started-at="2022-02-09T02:21:21Z" name="verifyDeleteEmployee" finished-at="2022-02-09T02:21:23Z" duration-ms="1218" status="PASS">
          <reporter-output>
          </reporter-output>
        </test-method> <!-- verifyDeleteEmployee -->
        <test-method is-config="true" signature="tearDown()[pri:0, instance:tests.PaylocityUITest@6e75aa0d]" started-at="2022-02-09T02:21:23Z" name="tearDown" finished-at="2022-02-09T02:21:24Z" duration-ms="1822" status="PASS">
          <reporter-output>
          </reporter-output>
        </test-method> <!-- tearDown -->
        <test-method is-config="true" signature="setUp()[pri:0, instance:tests.PaylocityUITest@6e75aa0d]" started-at="2022-02-09T02:21:24Z" name="setUp" finished-at="2022-02-09T02:21:28Z" duration-ms="3725" status="PASS">
          <reporter-output>
          </reporter-output>
        </test-method> <!-- setUp -->
        <test-method signature="verifyUpdateEmployee()[pri:0, instance:tests.PaylocityUITest@6e75aa0d]" started-at="2022-02-09T02:21:28Z" name="verifyUpdateEmployee" finished-at="2022-02-09T02:21:29Z" duration-ms="1149" status="PASS">
          <reporter-output>
          </reporter-output>
        </test-method> <!-- verifyUpdateEmployee -->
        <test-method is-config="true" signature="tearDown()[pri:0, instance:tests.PaylocityUITest@6e75aa0d]" started-at="2022-02-09T02:21:29Z" name="tearDown" finished-at="2022-02-09T02:21:31Z" duration-ms="1727" status="PASS">
          <reporter-output>
          </reporter-output>
        </test-method> <!-- tearDown -->
      </class> <!-- tests.PaylocityUITest -->
    </test> <!-- Regression Test -->
  </suite> <!-- Automation Test Suite -->
</testng-results>
